<?xml version="1.0" encoding="UTF-8"?>
<!-- Generated by org.testng.reporters.JUnitReportReporter -->
<testsuite hostname="bdc7-l-jqygrm3" failures="0" tests="1" name="wipo.patinformed.tests.Logout_and_CloseBrowserTest" time="0.281" errors="0" timestamp="2025-01-11T18:20:59 IST" skipped="0">
  <testcase classname="wipo.patinformed.tests.Logout_and_CloseBrowserTest" name="closeAllWindows" time="0.281"/>
</testsuite> <!-- wipo.patinformed.tests.Logout_and_CloseBrowserTest -->
