<?xml version="1.0" encoding="UTF-8"?>
<!-- Generated by org.testng.reporters.JUnitReportReporter -->
<testsuite hostname="bdc7-l-jqygrm3" failures="0" tests="1" name="wipo.patinformed.tests.Login_Test" time="4.105" errors="0" timestamp="2025-01-08T01:21:00 IST" skipped="0">
  <testcase classname="wipo.patinformed.tests.Login_Test" name="hittingAppURL" time="4.105"/>
</testsuite> <!-- wipo.patinformed.tests.Login_Test -->
