<?xml version="1.0" encoding="UTF-8"?>
<!-- Generated by org.testng.reporters.JUnitReportReporter -->
<testsuite hostname="bdc7-l-jqygrm3" failures="0" tests="1" name="wipo.patinformed.tests.ui.Login_Test" time="13.006" errors="0" timestamp="2025-01-12T01:16:53 IST" skipped="0">
  <testcase classname="wipo.patinformed.tests.ui.Login_Test" name="hittingAppURL" time="13.006"/>
</testsuite> <!-- wipo.patinformed.tests.ui.Login_Test -->
